2022-06-16 17:13:17.881  INFO 14448 --- [restartedMain] c.c.s.boot.ComCgSpringBootApplication    : Starting ComCgSpringBootApplication using Java 11.0.2 on DESKTOP-KFP7J4E with PID 14448 (C:\VamanCode\00_STS_WS\com-cg-spring-boot\target\classes started by Vaman in C:\VamanCode\00_STS_WS\com-cg-spring-boot)
2022-06-16 17:13:17.884  INFO 14448 --- [restartedMain] c.c.s.boot.ComCgSpringBootApplication    : No active profile set, falling back to 1 default profile: "default"
2022-06-16 17:13:18.817  INFO 14448 --- [restartedMain] .s.d.r.c.RepositoryConfigurationDelegate : Bootstrapping Spring Data JPA repositories in DEFAULT mode.
2022-06-16 17:13:18.900  INFO 14448 --- [restartedMain] .s.d.r.c.RepositoryConfigurationDelegate : Finished Spring Data repository scanning in 79 ms. Found 1 JPA repository interfaces.
2022-06-16 17:13:19.430  INFO 14448 --- [restartedMain] o.s.b.w.embedded.tomcat.TomcatWebServer  : Tomcat initialized with port(s): 9999 (http)
2022-06-16 17:13:19.435  INFO 14448 --- [restartedMain] o.apache.catalina.core.StandardService   : Starting service [Tomcat]
2022-06-16 17:13:19.440  INFO 14448 --- [restartedMain] org.apache.catalina.core.StandardEngine  : Starting Servlet engine: [Apache Tomcat/9.0.63]
2022-06-16 17:13:19.637  INFO 14448 --- [restartedMain] o.a.c.c.C.[Tomcat].[localhost].[/]       : Initializing Spring embedded WebApplicationContext
2022-06-16 17:13:19.641  INFO 14448 --- [restartedMain] w.s.c.ServletWebServerApplicationContext : Root WebApplicationContext: initialization completed in 1720 ms
2022-06-16 17:13:19.828  INFO 14448 --- [restartedMain] o.hibernate.jpa.internal.util.LogHelper  : HHH000204: Processing PersistenceUnitInfo [name: default]
2022-06-16 17:13:19.899  INFO 14448 --- [restartedMain] com.zaxxer.hikari.HikariDataSource       : HikariPool-5 - Starting...
2022-06-16 17:13:20.273  INFO 14448 --- [restartedMain] com.zaxxer.hikari.HikariDataSource       : HikariPool-5 - Start completed.
2022-06-16 17:13:20.274  INFO 14448 --- [restartedMain] org.hibernate.dialect.Dialect            : HHH000400: Using dialect: org.hibernate.dialect.PostgreSQLDialect
2022-06-16 17:13:20.430  INFO 14448 --- [restartedMain] o.h.e.t.j.p.i.JtaPlatformInitiator       : HHH000490: Using JtaPlatform implementation: [org.hibernate.engine.transaction.jta.platform.internal.NoJtaPlatform]
2022-06-16 17:13:20.431  INFO 14448 --- [restartedMain] j.LocalContainerEntityManagerFactoryBean : Initialized JPA EntityManagerFactory for persistence unit 'default'
2022-06-16 17:13:21.179  WARN 14448 --- [restartedMain] JpaBaseConfiguration$JpaWebConfiguration : spring.jpa.open-in-view is enabled by default. Therefore, database queries may be performed during view rendering. Explicitly configure spring.jpa.open-in-view to disable this warning
2022-06-16 17:13:22.499  INFO 14448 --- [restartedMain] o.s.b.d.a.OptionalLiveReloadServer       : LiveReload server is running on port 35729
2022-06-16 17:13:22.548  INFO 14448 --- [restartedMain] o.s.b.w.embedded.tomcat.TomcatWebServer  : Tomcat started on port(s): 9999 (http) with context path ''
2022-06-16 17:13:22.570  INFO 14448 --- [restartedMain] c.c.s.boot.ComCgSpringBootApplication    : Started ComCgSpringBootApplication in 4.967 seconds (JVM running for 875.898)
2022-06-16 17:13:22.577  INFO 14448 --- [restartedMain] .ConditionEvaluationDeltaLoggingListener : Condition evaluation unchanged
2022-06-16 17:13:35.500  INFO 14448 --- [Thread-19] j.LocalContainerEntityManagerFactoryBean : Closing JPA EntityManagerFactory for persistence unit 'default'
2022-06-16 17:13:35.502  INFO 14448 --- [Thread-19] com.zaxxer.hikari.HikariDataSource       : HikariPool-5 - Shutdown initiated...
2022-06-16 17:13:35.527  INFO 14448 --- [Thread-19] com.zaxxer.hikari.HikariDataSource       : HikariPool-5 - Shutdown completed.
2022-06-16 17:13:35.973  INFO 14448 --- [restartedMain] c.c.s.boot.ComCgSpringBootApplication    : Starting ComCgSpringBootApplication using Java 11.0.2 on DESKTOP-KFP7J4E with PID 14448 (C:\VamanCode\00_STS_WS\com-cg-spring-boot\target\classes started by Vaman in C:\VamanCode\00_STS_WS\com-cg-spring-boot)
2022-06-16 17:13:35.974  INFO 14448 --- [restartedMain] c.c.s.boot.ComCgSpringBootApplication    : No active profile set, falling back to 1 default profile: "default"
2022-06-16 17:13:36.822  INFO 14448 --- [restartedMain] .s.d.r.c.RepositoryConfigurationDelegate : Bootstrapping Spring Data JPA repositories in DEFAULT mode.
2022-06-16 17:13:36.855  INFO 14448 --- [restartedMain] .s.d.r.c.RepositoryConfigurationDelegate : Finished Spring Data repository scanning in 30 ms. Found 1 JPA repository interfaces.
2022-06-16 17:13:37.650  INFO 14448 --- [restartedMain] o.s.b.w.embedded.tomcat.TomcatWebServer  : Tomcat initialized with port(s): 9999 (http)
2022-06-16 17:13:37.652  INFO 14448 --- [restartedMain] o.apache.catalina.core.StandardService   : Starting service [Tomcat]
2022-06-16 17:13:37.653  INFO 14448 --- [restartedMain] org.apache.catalina.core.StandardEngine  : Starting Servlet engine: [Apache Tomcat/9.0.63]
2022-06-16 17:13:37.711  INFO 14448 --- [restartedMain] o.a.c.c.C.[Tomcat].[localhost].[/]       : Initializing Spring embedded WebApplicationContext
2022-06-16 17:13:37.713  INFO 14448 --- [restartedMain] w.s.c.ServletWebServerApplicationContext : Root WebApplicationContext: initialization completed in 1724 ms
2022-06-16 17:13:37.901  INFO 14448 --- [restartedMain] o.hibernate.jpa.internal.util.LogHelper  : HHH000204: Processing PersistenceUnitInfo [name: default]
2022-06-16 17:13:37.944  INFO 14448 --- [restartedMain] com.zaxxer.hikari.HikariDataSource       : HikariPool-6 - Starting...
2022-06-16 17:13:38.125  INFO 14448 --- [restartedMain] com.zaxxer.hikari.HikariDataSource       : HikariPool-6 - Start completed.
2022-06-16 17:13:38.127  INFO 14448 --- [restartedMain] org.hibernate.dialect.Dialect            : HHH000400: Using dialect: org.hibernate.dialect.PostgreSQLDialect
2022-06-16 17:13:38.372  INFO 14448 --- [restartedMain] o.h.e.t.j.p.i.JtaPlatformInitiator       : HHH000490: Using JtaPlatform implementation: [org.hibernate.engine.transaction.jta.platform.internal.NoJtaPlatform]
2022-06-16 17:13:38.372  INFO 14448 --- [restartedMain] j.LocalContainerEntityManagerFactoryBean : Initialized JPA EntityManagerFactory for persistence unit 'default'
2022-06-16 17:13:38.737  WARN 14448 --- [restartedMain] JpaBaseConfiguration$JpaWebConfiguration : spring.jpa.open-in-view is enabled by default. Therefore, database queries may be performed during view rendering. Explicitly configure spring.jpa.open-in-view to disable this warning
2022-06-16 17:13:39.523  INFO 14448 --- [restartedMain] o.s.b.d.a.OptionalLiveReloadServer       : LiveReload server is running on port 35729
2022-06-16 17:13:39.577  INFO 14448 --- [restartedMain] o.s.b.w.embedded.tomcat.TomcatWebServer  : Tomcat started on port(s): 9999 (http) with context path ''
2022-06-16 17:13:39.590  INFO 14448 --- [restartedMain] c.c.s.boot.ComCgSpringBootApplication    : Started ComCgSpringBootApplication in 3.843 seconds (JVM running for 892.917)
2022-06-16 17:13:39.593  INFO 14448 --- [restartedMain] .ConditionEvaluationDeltaLoggingListener : Condition evaluation unchanged
2022-06-16 17:13:40.610  INFO 14448 --- [http-nio-9999-exec-1] o.a.c.c.C.[Tomcat].[localhost].[/]       : Initializing Spring DispatcherServlet 'dispatcherServlet'
2022-06-16 17:13:40.618  INFO 14448 --- [http-nio-9999-exec-1] o.s.web.servlet.DispatcherServlet        : Initializing Servlet 'dispatcherServlet'
2022-06-16 17:13:40.620  INFO 14448 --- [http-nio-9999-exec-1] o.s.web.servlet.DispatcherServlet        : Completed initialization in 1 ms
2022-06-16 17:13:40.637  INFO 14448 --- [http-nio-9999-exec-1] c.c.spring.boot.service.EmployeeService  : Vaman
2022-06-16 17:13:42.337  INFO 14448 --- [Thread-23] j.LocalContainerEntityManagerFactoryBean : Closing JPA EntityManagerFactory for persistence unit 'default'
2022-06-16 17:13:42.339  INFO 14448 --- [Thread-23] com.zaxxer.hikari.HikariDataSource       : HikariPool-6 - Shutdown initiated...
2022-06-16 17:13:42.366  INFO 14448 --- [Thread-23] com.zaxxer.hikari.HikariDataSource       : HikariPool-6 - Shutdown completed.
2022-06-16 17:13:42.818  INFO 14448 --- [restartedMain] c.c.s.boot.ComCgSpringBootApplication    : Starting ComCgSpringBootApplication using Java 11.0.2 on DESKTOP-KFP7J4E with PID 14448 (C:\VamanCode\00_STS_WS\com-cg-spring-boot\target\classes started by Vaman in C:\VamanCode\00_STS_WS\com-cg-spring-boot)
2022-06-16 17:13:42.819  INFO 14448 --- [restartedMain] c.c.s.boot.ComCgSpringBootApplication    : No active profile set, falling back to 1 default profile: "default"
2022-06-16 17:13:44.663  INFO 14448 --- [restartedMain] .s.d.r.c.RepositoryConfigurationDelegate : Bootstrapping Spring Data JPA repositories in DEFAULT mode.
2022-06-16 17:13:44.701  INFO 14448 --- [restartedMain] .s.d.r.c.RepositoryConfigurationDelegate : Finished Spring Data repository scanning in 36 ms. Found 1 JPA repository interfaces.
2022-06-16 17:13:45.959  INFO 14448 --- [restartedMain] o.s.b.w.embedded.tomcat.TomcatWebServer  : Tomcat initialized with port(s): 9999 (http)
2022-06-16 17:13:45.962  INFO 14448 --- [restartedMain] o.apache.catalina.core.StandardService   : Starting service [Tomcat]
2022-06-16 17:13:45.963  INFO 14448 --- [restartedMain] org.apache.catalina.core.StandardEngine  : Starting Servlet engine: [Apache Tomcat/9.0.63]
2022-06-16 17:13:46.229  INFO 14448 --- [restartedMain] o.a.c.c.C.[Tomcat].[localhost].[/]       : Initializing Spring embedded WebApplicationContext
2022-06-16 17:13:46.229  INFO 14448 --- [restartedMain] w.s.c.ServletWebServerApplicationContext : Root WebApplicationContext: initialization completed in 3396 ms
2022-06-16 17:13:46.377  INFO 14448 --- [restartedMain] o.hibernate.jpa.internal.util.LogHelper  : HHH000204: Processing PersistenceUnitInfo [name: default]
2022-06-16 17:13:46.392  INFO 14448 --- [restartedMain] com.zaxxer.hikari.HikariDataSource       : HikariPool-7 - Starting...
2022-06-16 17:13:46.542  INFO 14448 --- [restartedMain] com.zaxxer.hikari.HikariDataSource       : HikariPool-7 - Start completed.
2022-06-16 17:13:46.543  INFO 14448 --- [restartedMain] org.hibernate.dialect.Dialect            : HHH000400: Using dialect: org.hibernate.dialect.PostgreSQLDialect
2022-06-16 17:13:46.695  INFO 14448 --- [restartedMain] o.h.e.t.j.p.i.JtaPlatformInitiator       : HHH000490: Using JtaPlatform implementation: [org.hibernate.engine.transaction.jta.platform.internal.NoJtaPlatform]
2022-06-16 17:13:46.695  INFO 14448 --- [restartedMain] j.LocalContainerEntityManagerFactoryBean : Initialized JPA EntityManagerFactory for persistence unit 'default'
2022-06-16 17:13:47.599  WARN 14448 --- [restartedMain] JpaBaseConfiguration$JpaWebConfiguration : spring.jpa.open-in-view is enabled by default. Therefore, database queries may be performed during view rendering. Explicitly configure spring.jpa.open-in-view to disable this warning
2022-06-16 17:13:48.400  INFO 14448 --- [restartedMain] o.s.b.d.a.OptionalLiveReloadServer       : LiveReload server is running on port 35729
2022-06-16 17:13:48.502  INFO 14448 --- [restartedMain] o.s.b.w.embedded.tomcat.TomcatWebServer  : Tomcat started on port(s): 9999 (http) with context path ''
2022-06-16 17:13:48.523  INFO 14448 --- [restartedMain] c.c.s.boot.ComCgSpringBootApplication    : Started ComCgSpringBootApplication in 5.98 seconds (JVM running for 901.85)
2022-06-16 17:13:49.241  INFO 14448 --- [restartedMain] .ConditionEvaluationDeltaLoggingListener : Condition evaluation unchanged
2022-06-16 17:13:49.984  INFO 14448 --- [http-nio-9999-exec-9] o.a.c.c.C.[Tomcat].[localhost].[/]       : Initializing Spring DispatcherServlet 'dispatcherServlet'
2022-06-16 17:13:50.003  INFO 14448 --- [http-nio-9999-exec-9] o.s.web.servlet.DispatcherServlet        : Initializing Servlet 'dispatcherServlet'
2022-06-16 17:13:50.017  INFO 14448 --- [http-nio-9999-exec-9] o.s.web.servlet.DispatcherServlet        : Completed initialization in 3 ms
2022-06-16 17:13:50.030  INFO 14448 --- [http-nio-9999-exec-9] c.c.spring.boot.service.EmployeeService  : getAllEmployees
2022-06-16 17:17:45.320  INFO 14448 --- [Thread-27] j.LocalContainerEntityManagerFactoryBean : Closing JPA EntityManagerFactory for persistence unit 'default'
2022-06-16 17:17:45.324  INFO 14448 --- [Thread-27] com.zaxxer.hikari.HikariDataSource       : HikariPool-7 - Shutdown initiated...
2022-06-16 17:17:45.347  INFO 14448 --- [Thread-27] com.zaxxer.hikari.HikariDataSource       : HikariPool-7 - Shutdown completed.
2022-06-16 17:17:45.895  INFO 14448 --- [restartedMain] c.c.s.boot.ComCgSpringBootApplication    : Starting ComCgSpringBootApplication using Java 11.0.2 on DESKTOP-KFP7J4E with PID 14448 (C:\VamanCode\00_STS_WS\com-cg-spring-boot\target\classes started by Vaman in C:\VamanCode\00_STS_WS\com-cg-spring-boot)
2022-06-16 17:17:45.896  INFO 14448 --- [restartedMain] c.c.s.boot.ComCgSpringBootApplication    : No active profile set, falling back to 1 default profile: "default"
2022-06-16 17:17:46.779  INFO 14448 --- [restartedMain] .s.d.r.c.RepositoryConfigurationDelegate : Bootstrapping Spring Data JPA repositories in DEFAULT mode.
2022-06-16 17:17:46.813  INFO 14448 --- [restartedMain] .s.d.r.c.RepositoryConfigurationDelegate : Finished Spring Data repository scanning in 32 ms. Found 1 JPA repository interfaces.
2022-06-16 17:17:47.248  INFO 14448 --- [restartedMain] o.s.b.w.embedded.tomcat.TomcatWebServer  : Tomcat initialized with port(s): 9999 (http)
2022-06-16 17:17:47.250  INFO 14448 --- [restartedMain] o.apache.catalina.core.StandardService   : Starting service [Tomcat]
2022-06-16 17:17:47.251  INFO 14448 --- [restartedMain] org.apache.catalina.core.StandardEngine  : Starting Servlet engine: [Apache Tomcat/9.0.63]
2022-06-16 17:17:47.302  INFO 14448 --- [restartedMain] o.a.c.c.C.[Tomcat].[localhost].[/]       : Initializing Spring embedded WebApplicationContext
2022-06-16 17:17:47.303  INFO 14448 --- [restartedMain] w.s.c.ServletWebServerApplicationContext : Root WebApplicationContext: initialization completed in 1384 ms
2022-06-16 17:17:47.458  INFO 14448 --- [restartedMain] o.hibernate.jpa.internal.util.LogHelper  : HHH000204: Processing PersistenceUnitInfo [name: default]
2022-06-16 17:17:47.486  INFO 14448 --- [restartedMain] com.zaxxer.hikari.HikariDataSource       : HikariPool-8 - Starting...
2022-06-16 17:17:47.722  INFO 14448 --- [restartedMain] com.zaxxer.hikari.HikariDataSource       : HikariPool-8 - Start completed.
2022-06-16 17:17:47.726  INFO 14448 --- [restartedMain] org.hibernate.dialect.Dialect            : HHH000400: Using dialect: org.hibernate.dialect.PostgreSQLDialect
2022-06-16 17:17:47.887  INFO 14448 --- [restartedMain] o.h.e.t.j.p.i.JtaPlatformInitiator       : HHH000490: Using JtaPlatform implementation: [org.hibernate.engine.transaction.jta.platform.internal.NoJtaPlatform]
2022-06-16 17:17:47.888  INFO 14448 --- [restartedMain] j.LocalContainerEntityManagerFactoryBean : Initialized JPA EntityManagerFactory for persistence unit 'default'
2022-06-16 17:17:48.193  WARN 14448 --- [restartedMain] JpaBaseConfiguration$JpaWebConfiguration : spring.jpa.open-in-view is enabled by default. Therefore, database queries may be performed during view rendering. Explicitly configure spring.jpa.open-in-view to disable this warning
2022-06-16 17:17:48.933  INFO 14448 --- [restartedMain] o.s.b.d.a.OptionalLiveReloadServer       : LiveReload server is running on port 35729
2022-06-16 17:17:49.007  INFO 14448 --- [restartedMain] o.s.b.w.embedded.tomcat.TomcatWebServer  : Tomcat started on port(s): 9999 (http) with context path ''
2022-06-16 17:17:49.060  INFO 14448 --- [restartedMain] c.c.s.boot.ComCgSpringBootApplication    : Started ComCgSpringBootApplication in 3.304 seconds (JVM running for 1142.387)
2022-06-16 17:17:49.064  INFO 14448 --- [restartedMain] .ConditionEvaluationDeltaLoggingListener : Condition evaluation unchanged
2022-06-16 17:17:52.975  INFO 14448 --- [Thread-31] j.LocalContainerEntityManagerFactoryBean : Closing JPA EntityManagerFactory for persistence unit 'default'
2022-06-16 17:17:52.979  INFO 14448 --- [Thread-31] com.zaxxer.hikari.HikariDataSource       : HikariPool-8 - Shutdown initiated...
2022-06-16 17:17:53.005  INFO 14448 --- [Thread-31] com.zaxxer.hikari.HikariDataSource       : HikariPool-8 - Shutdown completed.
2022-06-16 17:17:53.381  INFO 14448 --- [restartedMain] c.c.s.boot.ComCgSpringBootApplication    : Starting ComCgSpringBootApplication using Java 11.0.2 on DESKTOP-KFP7J4E with PID 14448 (C:\VamanCode\00_STS_WS\com-cg-spring-boot\target\classes started by Vaman in C:\VamanCode\00_STS_WS\com-cg-spring-boot)
2022-06-16 17:17:53.382  INFO 14448 --- [restartedMain] c.c.s.boot.ComCgSpringBootApplication    : No active profile set, falling back to 1 default profile: "default"
2022-06-16 17:17:54.527  INFO 14448 --- [restartedMain] .s.d.r.c.RepositoryConfigurationDelegate : Bootstrapping Spring Data JPA repositories in DEFAULT mode.
2022-06-16 17:17:54.586  INFO 14448 --- [restartedMain] .s.d.r.c.RepositoryConfigurationDelegate : Finished Spring Data repository scanning in 58 ms. Found 1 JPA repository interfaces.
2022-06-16 17:17:54.994  INFO 14448 --- [restartedMain] o.s.b.w.embedded.tomcat.TomcatWebServer  : Tomcat initialized with port(s): 9999 (http)
2022-06-16 17:17:54.997  INFO 14448 --- [restartedMain] o.apache.catalina.core.StandardService   : Starting service [Tomcat]
2022-06-16 17:17:54.997  INFO 14448 --- [restartedMain] org.apache.catalina.core.StandardEngine  : Starting Servlet engine: [Apache Tomcat/9.0.63]
2022-06-16 17:17:55.119  INFO 14448 --- [restartedMain] o.a.c.c.C.[Tomcat].[localhost].[/]       : Initializing Spring embedded WebApplicationContext
2022-06-16 17:17:55.120  INFO 14448 --- [restartedMain] w.s.c.ServletWebServerApplicationContext : Root WebApplicationContext: initialization completed in 1731 ms
2022-06-16 17:17:55.272  INFO 14448 --- [restartedMain] o.hibernate.jpa.internal.util.LogHelper  : HHH000204: Processing PersistenceUnitInfo [name: default]
2022-06-16 17:17:55.299  INFO 14448 --- [restartedMain] com.zaxxer.hikari.HikariDataSource       : HikariPool-9 - Starting...
2022-06-16 17:17:55.573  INFO 14448 --- [restartedMain] com.zaxxer.hikari.HikariDataSource       : HikariPool-9 - Start completed.
2022-06-16 17:17:55.575  INFO 14448 --- [restartedMain] org.hibernate.dialect.Dialect            : HHH000400: Using dialect: org.hibernate.dialect.PostgreSQLDialect
2022-06-16 17:17:55.712  INFO 14448 --- [restartedMain] o.h.e.t.j.p.i.JtaPlatformInitiator       : HHH000490: Using JtaPlatform implementation: [org.hibernate.engine.transaction.jta.platform.internal.NoJtaPlatform]
2022-06-16 17:17:55.713  INFO 14448 --- [restartedMain] j.LocalContainerEntityManagerFactoryBean : Initialized JPA EntityManagerFactory for persistence unit 'default'
